2023-05-29 10:01:15 [main] ERROR CoolerService:22 - error
2023-05-29 10:01:31 [main] ERROR CoolerService:22 - error
2023-05-29 10:27:09 [main] ERROR CoolerService:22 - error
2023-05-29 10:28:43 [main] ERROR CoolerService:22 - error
2023-05-29 10:29:01 [main] ERROR CoolerService:22 - error
2023-05-30 23:34:19 [main] INFO  CoolerService:19 - CoolerService calling getAllComponents
2023-05-30 23:34:20 [main] INFO  CoolerService:53 - CoolerService calling getCoolersBySocket
2023-05-30 23:34:20 [main] INFO  CoolerService:64 - CoolerService calling getCoolersByTDP
2023-05-30 23:34:20 [main] INFO  CoolerService:64 - CoolerService calling getCoolersByTDP
2023-05-30 23:35:15 [main] INFO  CoolerService:64 - CoolerService calling getCoolersByTDP
2023-05-30 23:35:25 [main] INFO  CoolerService:19 - CoolerService calling getAllComponents
2023-05-30 23:35:25 [main] INFO  CoolerService:53 - CoolerService calling getCoolersBySocket
2023-05-30 23:35:25 [main] INFO  CoolerService:64 - CoolerService calling getCoolersByTDP
2023-05-30 23:35:25 [main] INFO  CoolerService:64 - CoolerService calling getCoolersByTDP
2023-05-30 23:36:16 [main] INFO  CPUService:23 - CPUService calling getAllComponents
2023-05-30 23:36:16 [main] INFO  CPUService:58 - CPUService calling getCPUsBySocket
2023-05-30 23:36:16 [main] INFO  CPUService:70 - CPUService calling getCPUsByTDP
2023-05-30 23:36:16 [main] INFO  CPUService:70 - CPUService calling getCPUsByTDP
2023-05-30 23:36:52 [main] INFO  CPUService:23 - CPUService calling getAllComponents
2023-05-30 23:36:52 [main] INFO  CPUService:58 - CPUService calling getCPUsBySocket
2023-05-30 23:36:52 [main] INFO  CPUService:70 - CPUService calling getCPUsByTDP
2023-05-30 23:36:52 [main] INFO  CPUService:70 - CPUService calling getCPUsByTDP
2023-05-30 23:47:16 [main] INFO  CoolerService:19 - CoolerService calling getAllComponents
2023-05-30 23:47:16 [main] INFO  CoolerService:53 - CoolerService calling getCoolersBySocket
2023-05-30 23:47:16 [main] INFO  CoolerService:64 - CoolerService calling getCoolersByTDP
2023-05-30 23:47:16 [main] INFO  CoolerService:64 - CoolerService calling getCoolersByTDP
2023-05-31 15:46:17 [main] ERROR CoolerService:16 - error
2023-05-31 16:13:49 [main] ERROR CoolerServiceImpl:17 - error
2023-05-31 16:15:21 [main] ERROR CoolerServiceImpl:17 - error
2023-05-31 16:50:34 [main] INFO  CoolerServiceImpl:63 - CoolerService calling getCoolersByTDP
2023-05-31 16:50:58 [main] INFO  CoolerServiceImpl:63 - CoolerService calling getCoolersByTDP
2023-05-31 17:05:46 [main] INFO  CoolerServiceImpl:63 - CoolerService calling getCoolersByTDP
2023-05-31 17:06:00 [main] INFO  CoolerServiceImpl:63 - CoolerService calling getCoolersByTDP
2023-05-31 17:06:14 [main] INFO  CoolerServiceImpl:63 - CoolerService calling getCoolersByTDP
2023-05-31 17:06:14 [main] INFO  CoolerServiceImpl:63 - CoolerService calling getCoolersByTDP
2023-05-31 17:06:57 [main] INFO  CoolerServiceImpl:63 - CoolerService calling getCoolersByTDP
2023-05-31 17:06:57 [main] INFO  CoolerServiceImpl:63 - CoolerService calling getCoolersByTDP
2023-05-31 17:08:26 [main] INFO  CoolerServiceImpl:63 - CoolerService calling getCoolersByTDP
2023-05-31 17:08:26 [main] INFO  CoolerServiceImpl:63 - CoolerService calling getCoolersByTDP
2023-05-31 17:08:26 [main] INFO  CoolerServiceImpl:63 - CoolerService calling getCoolersByTDP
2023-05-31 17:08:56 [main] INFO  CoolerServiceImpl:63 - CoolerService calling getCoolersByTDP
2023-05-31 17:08:56 [main] INFO  CoolerServiceImpl:63 - CoolerService calling getCoolersByTDP
2023-05-31 17:08:56 [main] INFO  CoolerServiceImpl:63 - CoolerService calling getCoolersByTDP
2023-05-31 17:08:56 [main] INFO  CoolerServiceImpl:63 - CoolerService calling getCoolersByTDP
2023-05-31 17:28:08 [main] INFO  CoolerServiceImpl:18 - CoolerService calling getAllComponents
2023-05-31 17:28:08 [main] INFO  CoolerServiceImpl:18 - CoolerService calling getAllComponents
2023-05-31 17:28:08 [main] INFO  CoolerServiceImpl:18 - CoolerService calling getAllComponents
2023-05-31 17:28:08 [main] INFO  CoolerServiceImpl:18 - CoolerService calling getAllComponents
2023-05-31 17:28:08 [main] INFO  CoolerServiceImpl:18 - CoolerService calling getAllComponents
2023-05-31 17:28:08 [main] INFO  CoolerServiceImpl:18 - CoolerService calling getAllComponents
2023-05-31 17:28:08 [main] INFO  CoolerServiceImpl:18 - CoolerService calling getAllComponents
2023-05-31 17:28:08 [main] INFO  CoolerServiceImpl:18 - CoolerService calling getAllComponents
2023-05-31 17:28:08 [main] INFO  CoolerServiceImpl:18 - CoolerService calling getAllComponents
2023-05-31 17:28:08 [main] INFO  CoolerServiceImpl:18 - CoolerService calling getAllComponents
2023-05-31 17:28:42 [main] INFO  CoolerServiceImpl:18 - CoolerService calling getAllComponents
2023-05-31 17:28:42 [main] INFO  CoolerServiceImpl:18 - CoolerService calling getAllComponents
2023-05-31 17:28:42 [main] INFO  CoolerServiceImpl:18 - CoolerService calling getAllComponents
2023-05-31 17:28:42 [main] INFO  CoolerServiceImpl:18 - CoolerService calling getAllComponents
2023-05-31 17:28:42 [main] INFO  CoolerServiceImpl:18 - CoolerService calling getAllComponents
2023-05-31 17:28:42 [main] INFO  CoolerServiceImpl:18 - CoolerService calling getAllComponents
2023-05-31 17:28:42 [main] INFO  CoolerServiceImpl:18 - CoolerService calling getAllComponents
2023-05-31 17:28:42 [main] INFO  CoolerServiceImpl:18 - CoolerService calling getAllComponents
2023-05-31 17:28:42 [main] INFO  CoolerServiceImpl:18 - CoolerService calling getAllComponents
2023-05-31 17:28:42 [main] INFO  CoolerServiceImpl:18 - CoolerService calling getAllComponents
2023-05-31 17:29:07 [main] INFO  CoolerServiceImpl:18 - CoolerService calling getAllComponents
2023-05-31 17:29:07 [main] INFO  CoolerServiceImpl:18 - CoolerService calling getAllComponents
2023-05-31 17:29:07 [main] INFO  CoolerServiceImpl:18 - CoolerService calling getAllComponents
2023-05-31 17:29:07 [main] INFO  CoolerServiceImpl:18 - CoolerService calling getAllComponents
2023-05-31 17:29:07 [main] INFO  CoolerServiceImpl:18 - CoolerService calling getAllComponents
2023-05-31 17:29:07 [main] INFO  CoolerServiceImpl:18 - CoolerService calling getAllComponents
2023-05-31 17:29:07 [main] INFO  CoolerServiceImpl:18 - CoolerService calling getAllComponents
2023-05-31 17:29:07 [main] INFO  CoolerServiceImpl:18 - CoolerService calling getAllComponents
2023-05-31 17:29:07 [main] INFO  CoolerServiceImpl:18 - CoolerService calling getAllComponents
2023-05-31 17:29:07 [main] INFO  CoolerServiceImpl:18 - CoolerService calling getAllComponents
2023-05-31 17:29:24 [main] INFO  CoolerServiceImpl:18 - CoolerService calling getAllComponents
2023-05-31 17:29:24 [main] INFO  CoolerServiceImpl:18 - CoolerService calling getAllComponents
2023-05-31 17:29:24 [main] INFO  CoolerServiceImpl:18 - CoolerService calling getAllComponents
2023-05-31 17:29:24 [main] INFO  CoolerServiceImpl:18 - CoolerService calling getAllComponents
2023-05-31 17:29:24 [main] INFO  CoolerServiceImpl:18 - CoolerService calling getAllComponents
2023-05-31 17:29:24 [main] INFO  CoolerServiceImpl:18 - CoolerService calling getAllComponents
2023-05-31 17:29:24 [main] INFO  CoolerServiceImpl:18 - CoolerService calling getAllComponents
2023-05-31 17:29:24 [main] INFO  CoolerServiceImpl:18 - CoolerService calling getAllComponents
2023-05-31 17:29:24 [main] INFO  CoolerServiceImpl:18 - CoolerService calling getAllComponents
2023-05-31 17:29:24 [main] INFO  CoolerServiceImpl:18 - CoolerService calling getAllComponents
2023-05-31 17:30:14 [main] INFO  CoolerServiceImpl:18 - CoolerService calling getAllComponents
2023-05-31 17:30:14 [main] INFO  CoolerServiceImpl:18 - CoolerService calling getAllComponents
2023-05-31 17:30:14 [main] INFO  CoolerServiceImpl:18 - CoolerService calling getAllComponents
2023-05-31 17:30:14 [main] INFO  CoolerServiceImpl:18 - CoolerService calling getAllComponents
2023-05-31 17:30:14 [main] INFO  CoolerServiceImpl:18 - CoolerService calling getAllComponents
2023-05-31 17:30:14 [main] INFO  CoolerServiceImpl:18 - CoolerService calling getAllComponents
2023-05-31 17:30:14 [main] INFO  CoolerServiceImpl:18 - CoolerService calling getAllComponents
2023-05-31 17:30:14 [main] INFO  CoolerServiceImpl:18 - CoolerService calling getAllComponents
2023-05-31 17:30:14 [main] INFO  CoolerServiceImpl:18 - CoolerService calling getAllComponents
2023-05-31 17:30:37 [main] INFO  CoolerServiceImpl:18 - CoolerService calling getAllComponents
2023-05-31 17:30:37 [main] INFO  CoolerServiceImpl:18 - CoolerService calling getAllComponents
2023-05-31 17:30:37 [main] INFO  CoolerServiceImpl:18 - CoolerService calling getAllComponents
2023-05-31 17:30:37 [main] INFO  CoolerServiceImpl:18 - CoolerService calling getAllComponents
2023-05-31 17:30:37 [main] INFO  CoolerServiceImpl:18 - CoolerService calling getAllComponents
2023-05-31 17:30:37 [main] INFO  CoolerServiceImpl:18 - CoolerService calling getAllComponents
2023-05-31 17:30:37 [main] INFO  CoolerServiceImpl:18 - CoolerService calling getAllComponents
2023-05-31 17:30:37 [main] INFO  CoolerServiceImpl:18 - CoolerService calling getAllComponents
2023-05-31 17:30:37 [main] INFO  CoolerServiceImpl:18 - CoolerService calling getAllComponents
2023-05-31 17:30:37 [main] INFO  CoolerServiceImpl:18 - CoolerService calling getAllComponents
2023-05-31 17:30:48 [main] INFO  CoolerServiceImpl:18 - CoolerService calling getAllComponents
2023-05-31 17:30:49 [main] INFO  CoolerServiceImpl:18 - CoolerService calling getAllComponents
2023-05-31 17:30:49 [main] INFO  CoolerServiceImpl:18 - CoolerService calling getAllComponents
2023-05-31 17:30:49 [main] INFO  CoolerServiceImpl:18 - CoolerService calling getAllComponents
2023-05-31 17:30:49 [main] INFO  CoolerServiceImpl:18 - CoolerService calling getAllComponents
2023-05-31 17:30:49 [main] INFO  CoolerServiceImpl:18 - CoolerService calling getAllComponents
2023-05-31 17:30:49 [main] INFO  CoolerServiceImpl:18 - CoolerService calling getAllComponents
2023-05-31 17:30:49 [main] INFO  CoolerServiceImpl:18 - CoolerService calling getAllComponents
2023-05-31 17:30:49 [main] INFO  CoolerServiceImpl:18 - CoolerService calling getAllComponents
2023-05-31 17:30:49 [main] INFO  CoolerServiceImpl:18 - CoolerService calling getAllComponents
2023-05-31 17:35:25 [main] INFO  CoolerServiceImpl:18 - CoolerService calling getAllComponents
2023-05-31 17:35:25 [main] INFO  CoolerServiceImpl:18 - CoolerService calling getAllComponents
2023-05-31 17:35:25 [main] INFO  CoolerServiceImpl:18 - CoolerService calling getAllComponents
2023-05-31 17:35:26 [main] INFO  CoolerServiceImpl:18 - CoolerService calling getAllComponents
2023-05-31 17:35:26 [main] INFO  CoolerServiceImpl:18 - CoolerService calling getAllComponents
2023-05-31 17:35:26 [main] INFO  CoolerServiceImpl:18 - CoolerService calling getAllComponents
2023-05-31 17:35:26 [main] INFO  CoolerServiceImpl:18 - CoolerService calling getAllComponents
2023-05-31 17:35:26 [main] INFO  CoolerServiceImpl:18 - CoolerService calling getAllComponents
2023-05-31 17:35:26 [main] INFO  CoolerServiceImpl:18 - CoolerService calling getAllComponents
2023-05-31 17:35:26 [main] INFO  CoolerServiceImpl:18 - CoolerService calling getAllComponents
2023-05-31 17:36:14 [main] INFO  CoolerServiceImpl:63 - CoolerService calling getCoolersByTDP
2023-05-31 17:36:14 [main] INFO  CoolerServiceImpl:63 - CoolerService calling getCoolersByTDP
2023-05-31 17:36:14 [main] INFO  CoolerServiceImpl:63 - CoolerService calling getCoolersByTDP
2023-05-31 17:36:14 [main] INFO  CoolerServiceImpl:63 - CoolerService calling getCoolersByTDP
2023-05-31 17:36:39 [main] INFO  CoolerServiceImpl:63 - CoolerService calling getCoolersByTDP
2023-05-31 17:36:40 [main] INFO  CoolerServiceImpl:63 - CoolerService calling getCoolersByTDP
2023-05-31 17:36:40 [main] INFO  CoolerServiceImpl:63 - CoolerService calling getCoolersByTDP
2023-05-31 17:36:40 [main] INFO  CoolerServiceImpl:63 - CoolerService calling getCoolersByTDP
2023-05-31 17:39:44 [main] INFO  CoolerServiceImpl:18 - CoolerService calling getAllComponents
2023-05-31 17:40:59 [main] INFO  CoolerServiceImpl:18 - CoolerService calling getAllComponents
2023-05-31 17:40:59 [main] INFO  CoolerServiceImpl:52 - CoolerService calling getCoolersBySocket
2023-05-31 17:40:59 [main] INFO  CoolerServiceImpl:63 - CoolerService calling getCoolersByTDP
2023-05-31 17:40:59 [main] INFO  CoolerServiceImpl:63 - CoolerService calling getCoolersByTDP
2023-05-31 17:40:59 [main] INFO  CoolerServiceImpl:63 - CoolerService calling getCoolersByTDP
2023-05-31 17:40:59 [main] INFO  CoolerServiceImpl:63 - CoolerService calling getCoolersByTDP
2023-05-31 17:45:31 [main] INFO  CoolerServiceImpl:63 - CoolerService calling getCoolersByTDP
2023-05-31 17:45:31 [main] INFO  CoolerServiceImpl:63 - CoolerService calling getCoolersByTDP
2023-05-31 17:45:31 [main] INFO  CoolerServiceImpl:63 - CoolerService calling getCoolersByTDP
2023-05-31 17:45:31 [main] INFO  CoolerServiceImpl:63 - CoolerService calling getCoolersByTDP
2023-05-31 17:45:52 [main] INFO  CoolerServiceImpl:18 - CoolerService calling getAllComponents
2023-05-31 17:45:52 [main] INFO  CoolerServiceImpl:52 - CoolerService calling getCoolersBySocket
2023-05-31 17:45:52 [main] INFO  CoolerServiceImpl:52 - CoolerService calling getCoolersBySocket
2023-05-31 17:45:52 [main] INFO  CoolerServiceImpl:63 - CoolerService calling getCoolersByTDP
2023-05-31 17:45:52 [main] INFO  CoolerServiceImpl:63 - CoolerService calling getCoolersByTDP
2023-05-31 17:45:52 [main] INFO  CoolerServiceImpl:63 - CoolerService calling getCoolersByTDP
2023-05-31 17:45:52 [main] INFO  CoolerServiceImpl:63 - CoolerService calling getCoolersByTDP
2023-05-31 17:46:01 [main] INFO  CoolerServiceImpl:52 - CoolerService calling getCoolersBySocket
2023-05-31 17:46:02 [main] INFO  CoolerServiceImpl:52 - CoolerService calling getCoolersBySocket
2023-05-31 17:46:11 [main] INFO  CoolerServiceImpl:18 - CoolerService calling getAllComponents
2023-05-31 17:46:12 [main] INFO  CoolerServiceImpl:52 - CoolerService calling getCoolersBySocket
2023-05-31 17:46:12 [main] INFO  CoolerServiceImpl:52 - CoolerService calling getCoolersBySocket
2023-05-31 17:46:12 [main] INFO  CoolerServiceImpl:63 - CoolerService calling getCoolersByTDP
2023-05-31 17:46:12 [main] INFO  CoolerServiceImpl:63 - CoolerService calling getCoolersByTDP
2023-05-31 17:46:12 [main] INFO  CoolerServiceImpl:63 - CoolerService calling getCoolersByTDP
2023-05-31 17:46:12 [main] INFO  CoolerServiceImpl:63 - CoolerService calling getCoolersByTDP
2023-05-31 17:46:39 [main] INFO  CPUServiceImpl:18 - CPUService calling getAllComponents
2023-05-31 17:46:39 [main] INFO  CPUServiceImpl:53 - CPUService calling getCPUsBySocket
2023-05-31 17:46:39 [main] INFO  CPUServiceImpl:65 - CPUService calling getCPUsByTDP
2023-05-31 17:46:39 [main] INFO  CPUServiceImpl:65 - CPUService calling getCPUsByTDP
2023-05-31 17:50:26 [main] INFO  CPUServiceImpl:18 - CPUService calling getAllComponents
2023-05-31 17:50:27 [main] INFO  CPUServiceImpl:53 - CPUService calling getCPUsBySocket
2023-05-31 17:50:27 [main] INFO  CPUServiceImpl:65 - CPUService calling getCPUsByTDP
2023-05-31 17:50:27 [main] INFO  CPUServiceImpl:65 - CPUService calling getCPUsByTDP
2023-05-31 17:50:47 [main] INFO  CPUServiceImpl:18 - CPUService calling getAllComponents
2023-05-31 17:50:48 [main] INFO  CPUServiceImpl:53 - CPUService calling getCPUsBySocket
2023-05-31 17:50:48 [main] INFO  CPUServiceImpl:65 - CPUService calling getCPUsByTDP
2023-05-31 17:50:48 [main] INFO  CPUServiceImpl:65 - CPUService calling getCPUsByTDP
2023-05-31 17:54:22 [main] INFO  CPUServiceImpl:65 - CPUService calling getCPUsByTDP
2023-05-31 17:54:22 [main] INFO  CPUServiceImpl:65 - CPUService calling getCPUsByTDP
2023-05-31 17:54:22 [main] INFO  CPUServiceImpl:65 - CPUService calling getCPUsByTDP
2023-05-31 17:56:19 [main] INFO  CPUServiceImpl:18 - CPUService calling getAllComponents
2023-05-31 17:56:19 [main] INFO  CPUServiceImpl:53 - CPUService calling getCPUsBySocket
2023-05-31 17:56:19 [main] INFO  CPUServiceImpl:65 - CPUService calling getCPUsByTDP
2023-05-31 17:56:19 [main] INFO  CPUServiceImpl:65 - CPUService calling getCPUsByTDP
2023-05-31 17:56:19 [main] INFO  CPUServiceImpl:65 - CPUService calling getCPUsByTDP
2023-05-31 17:56:38 [main] INFO  CPUServiceImpl:53 - CPUService calling getCPUsBySocket
2023-05-31 17:57:07 [main] INFO  CPUServiceImpl:18 - CPUService calling getAllComponents
2023-05-31 17:57:07 [main] INFO  CPUServiceImpl:53 - CPUService calling getCPUsBySocket
2023-05-31 17:57:07 [main] INFO  CPUServiceImpl:65 - CPUService calling getCPUsByTDP
2023-05-31 17:57:07 [main] INFO  CPUServiceImpl:65 - CPUService calling getCPUsByTDP
2023-05-31 17:57:07 [main] INFO  CPUServiceImpl:65 - CPUService calling getCPUsByTDP
